<?xml version="1.0" encoding="UTF-8"?>
<!-- Generated by org.testng.reporters.JUnitReportReporter -->
<testsuite hostname="DESKTOP-IT8112N" failures="0" tests="1" name="testcase.TC003_Sales" time="126.850" errors="0" timestamp="2022-05-27T15:24:56 IST" skipped="0">
  <testcase classname="testcase.TC003_Sales" name="Saleorder" time="126.850"/>
  <system-out/>
</testsuite> <!-- testcase.TC003_Sales -->
