<?xml version="1.0" encoding="UTF-8"?>
<!-- Generated by org.testng.reporters.JUnitReportReporter -->
<testsuite hostname="DESKTOP-IT8112N" failures="0" tests="2" name="testcase.TC001_Contact" time="12.704" errors="0" timestamp="2022-05-26T17:38:17 IST" skipped="1">
  <testcase classname="testcase.TC001_Contact" name="Negative" time="12.704"/>
  <system-out/>
  <testcase classname="testcase.TC001_Contact" name="Companydetails">
    <skipped/>
  </testcase> <!-- Companydetails -->
  <system-out/>
</testsuite> <!-- testcase.TC001_Contact -->
